Build started 17-09-2014 AM 1:18:37.
     1>Project "C:\VC++\linkedlist\linkedlist\linkedlist.vcxproj" on node 2 (build target(s)).
     1>InitializeBuildStatus:
         Creating "Debug\linkedlist.unsuccessfulbuild" because "AlwaysCreate" was specified.
       ClCompile:
         C:\Program Files (x86)\Microsoft Visual Studio 10.0\VC\bin\CL.exe /c /ZI /nologo /W3 /WX- /Od /Oy- /D WIN32 /D _DEBUG /D _CONSOLE /D _UNICODE /D UNICODE /Gm /EHsc /RTC1 /MDd /GS /fp:precise /Zc:wchar_t /Zc:forScope /Yc"StdAfx.h" /Fp"Debug\linkedlist.pch" /Fo"Debug\\" /Fd"Debug\vc100.pdb" /Gd /TP /analyze- /errorReport:prompt stdafx.cpp
         stdafx.cpp
         C:\Program Files (x86)\Microsoft Visual Studio 10.0\VC\bin\CL.exe /c /ZI /nologo /W3 /WX- /Od /Oy- /D WIN32 /D _DEBUG /D _CONSOLE /D _UNICODE /D UNICODE /Gm /EHsc /RTC1 /MDd /GS /fp:precise /Zc:wchar_t /Zc:forScope /Yu"StdAfx.h" /Fp"Debug\linkedlist.pch" /Fo"Debug\\" /Fd"Debug\vc100.pdb" /Gd /TP /analyze- /errorReport:prompt linkedlist.cpp
         linkedlist.cpp
     1>c:\vc++\linkedlist\linkedlist\linkedlist.cpp(57): warning C4996: 'getch': The POSIX name for this item is deprecated. Instead, use the ISO C++ conformant name: _getch. See online help for details.
                 c:\program files (x86)\microsoft visual studio 10.0\vc\include\conio.h(128) : see declaration of 'getch'
     1>c:\vc++\linkedlist\linkedlist\linkedlist.cpp(66): warning C4553: '==' : operator has no effect; did you intend '='?
     1>c:\vc++\linkedlist\linkedlist\linkedlist.cpp(84): warning C4101: 'i' : unreferenced local variable
     1>c:\vc++\linkedlist\linkedlist\linkedlist.cpp(137): warning C4101: 'prev' : unreferenced local variable
       ManifestResourceCompile:
         C:\Program Files (x86)\Microsoft SDKs\Windows\v7.0A\bin\rc.exe /nologo /fo"Debug\linkedlist.exe.embed.manifest.res" Debug\linkedlist_manifest.rc 
       Link:
         C:\Program Files (x86)\Microsoft Visual Studio 10.0\VC\bin\link.exe /ERRORREPORT:PROMPT /OUT:"C:\VC++\linkedlist\Debug\linkedlist.exe" /INCREMENTAL /NOLOGO kernel32.lib user32.lib gdi32.lib winspool.lib comdlg32.lib advapi32.lib shell32.lib ole32.lib oleaut32.lib uuid.lib odbc32.lib odbccp32.lib /MANIFEST /ManifestFile:"Debug\linkedlist.exe.intermediate.manifest" /MANIFESTUAC:"level='asInvoker' uiAccess='false'" /DEBUG /PDB:"C:\VC++\linkedlist\Debug\linkedlist.pdb" /SUBSYSTEM:CONSOLE /TLBID:1 /DYNAMICBASE /NXCOMPAT /IMPLIB:"C:\VC++\linkedlist\Debug\linkedlist.lib" /MACHINE:X86 Debug\linkedlist.exe.embed.manifest.res
         Debug\linkedlist.obj
         Debug\stdafx.obj
       Manifest:
         Deleting file "Debug\linkedlist.exe.embed.manifest".
         C:\Program Files (x86)\Microsoft SDKs\Windows\v7.0A\bin\mt.exe /nologo /verbose /out:"Debug\linkedlist.exe.embed.manifest" /manifest Debug\linkedlist.exe.intermediate.manifest
         C:\Program Files (x86)\Microsoft SDKs\Windows\v7.0A\bin\rc.exe /nologo /fo"Debug\linkedlist.exe.embed.manifest.res" Debug\linkedlist_manifest.rc 
       LinkEmbedManifest:
         C:\Program Files (x86)\Microsoft Visual Studio 10.0\VC\bin\link.exe /ERRORREPORT:PROMPT /OUT:"C:\VC++\linkedlist\Debug\linkedlist.exe" /INCREMENTAL /NOLOGO kernel32.lib user32.lib gdi32.lib winspool.lib comdlg32.lib advapi32.lib shell32.lib ole32.lib oleaut32.lib uuid.lib odbc32.lib odbccp32.lib /MANIFEST /ManifestFile:"Debug\linkedlist.exe.intermediate.manifest" /MANIFESTUAC:"level='asInvoker' uiAccess='false'" /DEBUG /PDB:"C:\VC++\linkedlist\Debug\linkedlist.pdb" /SUBSYSTEM:CONSOLE /TLBID:1 /DYNAMICBASE /NXCOMPAT /IMPLIB:"C:\VC++\linkedlist\Debug\linkedlist.lib" /MACHINE:X86 Debug\linkedlist.exe.embed.manifest.res
         Debug\linkedlist.obj
         Debug\stdafx.obj
         linkedlist.vcxproj -> C:\VC++\linkedlist\Debug\linkedlist.exe
       FinalizeBuildStatus:
         Deleting file "Debug\linkedlist.unsuccessfulbuild".
         Touching "Debug\linkedlist.lastbuildstate".
     1>Done Building Project "C:\VC++\linkedlist\linkedlist\linkedlist.vcxproj" (build target(s)).

Build succeeded.

Time Elapsed 00:00:05.41
